<?xml version="1.0" encoding="UTF-8"?>
<!-- Generated by org.testng.reporters.JUnitReportReporter -->
<testsuite hostname="TVLLAP29" failures="0" tests="1" name="Pages.ApplicationPage" time="3.237" errors="0" timestamp="2024-03-27T00:55:47 BDT" skipped="0">
  <testcase classname="Pages.ApplicationPage" name="ApplictionsPage" time="3.237"/>
</testsuite> <!-- Pages.ApplicationPage -->
