<?xml version="1.0" encoding="UTF-8"?>
<!-- Generated by org.testng.reporters.JUnitReportReporter -->
<testsuite hostname="TVLLAP29" failures="0" tests="1" name="Pages.LoginPage" time="9.061" errors="0" timestamp="2024-05-08T15:32:47 BDT" skipped="0">
  <testcase classname="Pages.LoginPage" name="loginPages" time="9.061"/>
</testsuite> <!-- Pages.LoginPage -->
