<?xml version="1.0" encoding="UTF-8"?>
<!-- Generated by org.testng.reporters.JUnitReportReporter -->
<testsuite hostname="TVLLAP29" failures="0" tests="1" name="Pages.LoginPage" time="7.509" errors="0" timestamp="2024-03-31T14:34:27 BDT" skipped="0">
  <testcase classname="Pages.LoginPage" name="loginPages" time="7.509"/>
</testsuite> <!-- Pages.LoginPage -->
